<?xml version="1.0" encoding="UTF-8"?>
<!-- Generated by org.testng.reporters.JUnitReportReporter -->
<testsuite hostname="hp" failures="0" tests="1" name="tests.SauceDemoE2ETest" time="2.999" errors="0" timestamp="2025-07-01T13:17:29 IST" skipped="0">
  <testcase classname="tests.SauceDemoE2ETest" name="sauceDemoTest" time="2.999"/>
  <system-out/>
</testsuite> <!-- tests.SauceDemoE2ETest -->
